<?xml version="1.0" encoding="UTF-8"?>
<!-- Generated by org.testng.reporters.JUnitXMLReporter -->
<testsuite hostname="ZCOMDMH101699-AndresRios" ignored="0" name="Surefire test" tests="1" failures="1" timestamp="2022-03-16T19:05:57 COT" time="0.027" errors="0">
  <testcase name="shouldAnswerWithTrue" time="0.006" classname="com.wizeline.app.AppTest">
    <failure type="org.json.JSONException" message="Expected a &amp;apos;:&amp;apos; after a key at 35 [character 36 line 1]">
      <![CDATA[org.json.JSONException: Expected a ':' after a key at 35 [character 36 line 1]
at org.json.JSONTokener.syntaxError(JSONTokener.java:507)
at org.json.JSONObject.<init>(JSONObject.java:243)
at org.json.JSONTokener.nextValue(JSONTokener.java:431)
at org.json.JSONArray.<init>(JSONArray.java:125)
at org.json.JSONArray.<init>(JSONArray.java:162)
at com.resources.JsonFile.checkResource(JsonFile.java:13)
at com.wizeline.app.AppTest.shouldAnswerWithTrue(AppTest.java:30)
at java.util.ArrayList.forEach(ArrayList.java:1259)
... Removed 32 stack frames]]>
    </failure>
  </testcase> <!-- shouldAnswerWithTrue -->
</testsuite> <!-- Surefire test -->
